2022-05-24 13:38:00.943  INFO 7932 --- [restartedMain] c.e.e.EmployeePayrollAppApplication      : Starting EmployeePayrollAppApplication using Java 1.8.0_20 on DESKTOP-696TCVJ with PID 7932 (C:\Users\AMOL\IdeaProjects\EmployeePayrollApp\target\classes started by AMOL in C:\Users\AMOL\IdeaProjects\EmployeePayrollApp)
2022-05-24 13:38:01.234 DEBUG 7932 --- [restartedMain] c.e.e.EmployeePayrollAppApplication      : Running with Spring Boot v2.7.0, Spring v5.3.20
2022-05-24 13:38:01.236  INFO 7932 --- [restartedMain] c.e.e.EmployeePayrollAppApplication      : No active profile set, falling back to 1 default profile: "default"
2022-05-24 13:39:40.084  WARN 7932 --- [restartedMain] JpaBaseConfiguration$JpaWebConfiguration : spring.jpa.open-in-view is enabled by default. Therefore, database queries may be performed during view rendering. Explicitly configure spring.jpa.open-in-view to disable this warning
2022-05-24 13:39:47.697  INFO 7932 --- [restartedMain] c.e.e.EmployeePayrollAppApplication      : Started EmployeePayrollAppApplication in 118.873 seconds (JVM running for 144.602)
2022-05-24 13:39:47.750  INFO 7932 --- [restartedMain] c.e.e.EmployeePayrollAppApplication      : Employee Payroll App Started
2022-05-24 14:17:17.941  WARN 7932 --- [http-nio-8088-exec-6] .w.s.m.s.DefaultHandlerExceptionResolver : Resolved [org.springframework.web.method.annotation.MethodArgumentTypeMismatchException: Failed to convert value of type 'java.lang.String' to required type 'int'; nested exception is java.lang.NumberFormatException: For input string: ":1"]
2022-05-24 14:49:21.953  WARN 7932 --- [http-nio-8088-exec-2] .w.s.m.s.DefaultHandlerExceptionResolver : Resolved [org.springframework.web.HttpRequestMethodNotSupportedException: Request method 'POST' not supported]
2022-05-24 23:01:25.325  INFO 9028 --- [restartedMain] c.e.e.EmployeePayrollAppApplication      : Starting EmployeePayrollAppApplication using Java 1.8.0_20 on DESKTOP-696TCVJ with PID 9028 (C:\Users\AMOL\IdeaProjects\EmployeePayrollApp\target\classes started by root in C:\Users\AMOL\IdeaProjects\EmployeePayrollApp)
2022-05-24 23:01:25.384 DEBUG 9028 --- [restartedMain] c.e.e.EmployeePayrollAppApplication      : Running with Spring Boot v2.7.0, Spring v5.3.20
2022-05-24 23:01:25.390  INFO 9028 --- [restartedMain] c.e.e.EmployeePayrollAppApplication      : No active profile set, falling back to 1 default profile: "default"
2022-05-24 23:02:25.176  WARN 9028 --- [restartedMain] JpaBaseConfiguration$JpaWebConfiguration : spring.jpa.open-in-view is enabled by default. Therefore, database queries may be performed during view rendering. Explicitly configure spring.jpa.open-in-view to disable this warning
2022-05-24 23:02:29.171  INFO 9028 --- [restartedMain] c.e.e.EmployeePayrollAppApplication      : Started EmployeePayrollAppApplication in 76.086 seconds (JVM running for 98.091)
2022-05-24 23:02:29.194  INFO 9028 --- [restartedMain] c.e.e.EmployeePayrollAppApplication      : Employee Payroll App Started
2022-05-24 23:06:46.806  INFO 3444 --- [restartedMain] c.e.e.EmployeePayrollAppApplication      : Starting EmployeePayrollAppApplication using Java 1.8.0_20 on DESKTOP-696TCVJ with PID 3444 (C:\Users\AMOL\IdeaProjects\EmployeePayrollApp\target\classes started by root in C:\Users\AMOL\IdeaProjects\EmployeePayrollApp)
2022-05-24 23:06:46.810 DEBUG 3444 --- [restartedMain] c.e.e.EmployeePayrollAppApplication      : Running with Spring Boot v2.7.0, Spring v5.3.20
2022-05-24 23:06:46.812  INFO 3444 --- [restartedMain] c.e.e.EmployeePayrollAppApplication      : No active profile set, falling back to 1 default profile: "default"
2022-05-24 23:08:14.500  WARN 3444 --- [restartedMain] JpaBaseConfiguration$JpaWebConfiguration : spring.jpa.open-in-view is enabled by default. Therefore, database queries may be performed during view rendering. Explicitly configure spring.jpa.open-in-view to disable this warning
2022-05-24 23:08:50.542  INFO 3444 --- [restartedMain] c.e.e.EmployeePayrollAppApplication      : Started EmployeePayrollAppApplication in 128.267 seconds (JVM running for 143.239)
2022-05-24 23:08:50.740  INFO 3444 --- [restartedMain] c.e.e.EmployeePayrollAppApplication      : Employee Payroll App Started
2022-05-25 10:53:38.470  INFO 8388 --- [restartedMain] c.e.e.EmployeePayrollAppApplication      : Starting EmployeePayrollAppApplication using Java 1.8.0_20 on DESKTOP-696TCVJ with PID 8388 (C:\Users\AMOL\IdeaProjects\EmployeePayrollApp\target\classes started by root in C:\Users\AMOL\IdeaProjects\EmployeePayrollApp)
2022-05-25 10:53:38.583 DEBUG 8388 --- [restartedMain] c.e.e.EmployeePayrollAppApplication      : Running with Spring Boot v2.7.0, Spring v5.3.20
2022-05-25 10:53:38.585  INFO 8388 --- [restartedMain] c.e.e.EmployeePayrollAppApplication      : No active profile set, falling back to 1 default profile: "default"
2022-05-25 10:55:11.093  WARN 8388 --- [restartedMain] JpaBaseConfiguration$JpaWebConfiguration : spring.jpa.open-in-view is enabled by default. Therefore, database queries may be performed during view rendering. Explicitly configure spring.jpa.open-in-view to disable this warning
2022-05-25 10:55:13.933  INFO 8388 --- [restartedMain] c.e.e.EmployeePayrollAppApplication      : Started EmployeePayrollAppApplication in 101.628 seconds (JVM running for 113.35)
2022-05-25 10:55:13.987  INFO 8388 --- [restartedMain] c.e.e.EmployeePayrollAppApplication      : Employee Payroll App Started
